<?xml version="1.0" encoding="UTF-8"?>
<!-- Generated by org.testng.reporters.JUnitReportReporter -->
<testsuite skipped="0" hostname="DESKTOP-QU3C11S" name="Helper.InvokeBrowser" tests="1" failures="0" timestamp="24 Nov 2020 15:28:53 GMT" time="8.209" errors="0">
  <testcase name="invokebrowser" time="8.209" classname="Helper.InvokeBrowser"/>
</testsuite> <!-- Helper.InvokeBrowser -->
